[2015-12-26 15:35:13] main.DEBUG: cache_invalidate:  {"method":"POST","url":"http://localhost:81/enspy-buyamsellam/setup/index.php/install/start","invalidateInfo":{"tags":["CONFIG"],"mode":"matchingTag"},"is_exception":false} []
[2015-12-26 15:35:13] main.DEBUG: cache_invalidate:  {"method":"POST","url":"http://localhost:81/enspy-buyamsellam/setup/index.php/install/start","invalidateInfo":{"tags":["LAYOUT_GENERAL_CACHE_TAG"],"mode":"matchingTag"},"is_exception":false} []
[2015-12-26 15:35:13] main.DEBUG: cache_invalidate:  {"method":"POST","url":"http://localhost:81/enspy-buyamsellam/setup/index.php/install/start","invalidateInfo":{"tags":["BLOCK_HTML"],"mode":"matchingTag"},"is_exception":false} []
[2015-12-26 15:35:13] main.DEBUG: cache_invalidate:  {"method":"POST","url":"http://localhost:81/enspy-buyamsellam/setup/index.php/install/start","invalidateInfo":{"tags":["COLLECTION_DATA"],"mode":"matchingTag"},"is_exception":false} []
[2015-12-26 15:35:14] main.DEBUG: cache_invalidate:  {"method":"POST","url":"http://localhost:81/enspy-buyamsellam/setup/index.php/install/start","invalidateInfo":{"tags":["REFLECTION"],"mode":"matchingTag"},"is_exception":false} []
[2015-12-26 15:35:14] main.DEBUG: cache_invalidate:  {"method":"POST","url":"http://localhost:81/enspy-buyamsellam/setup/index.php/install/start","invalidateInfo":{"tags":["DB_DDL"],"mode":"matchingTag"},"is_exception":false} []
[2015-12-26 15:35:14] main.DEBUG: cache_invalidate:  {"method":"POST","url":"http://localhost:81/enspy-buyamsellam/setup/index.php/install/start","invalidateInfo":{"tags":["EAV"],"mode":"matchingTag"},"is_exception":false} []
[2015-12-26 15:35:14] main.DEBUG: cache_invalidate:  {"method":"POST","url":"http://localhost:81/enspy-buyamsellam/setup/index.php/install/start","invalidateInfo":{"tags":["INTEGRATION"],"mode":"matchingTag"},"is_exception":false} []
[2015-12-26 15:35:15] main.DEBUG: cache_invalidate:  {"method":"POST","url":"http://localhost:81/enspy-buyamsellam/setup/index.php/install/start","invalidateInfo":{"tags":["INTEGRATION_API_CONFIG"],"mode":"matchingTag"},"is_exception":false} []
[2015-12-26 15:35:17] main.DEBUG: cache_invalidate:  {"method":"POST","url":"http://localhost:81/enspy-buyamsellam/setup/index.php/install/start","invalidateInfo":{"tags":["FPC"],"mode":"matchingTag"},"is_exception":false} []
[2015-12-26 15:35:17] main.DEBUG: cache_invalidate:  {"method":"POST","url":"http://localhost:81/enspy-buyamsellam/setup/index.php/install/start","invalidateInfo":{"tags":["TRANSLATE"],"mode":"matchingTag"},"is_exception":false} []
[2015-12-26 15:35:18] main.DEBUG: cache_invalidate:  {"method":"POST","url":"http://localhost:81/enspy-buyamsellam/setup/index.php/install/start","invalidateInfo":{"tags":["WEBSERVICE"],"mode":"matchingTag"},"is_exception":false} []
[2015-12-26 15:35:31] main.DEBUG: cache_invalidate:  {"method":"POST","url":"http://localhost:81/enspy-buyamsellam/setup/index.php/install/start","invalidateInfo":{"tags":["CONFIG"],"mode":"matchingTag"},"is_exception":false} []
[2015-12-26 15:35:31] main.DEBUG: cache_invalidate:  {"method":"POST","url":"http://localhost:81/enspy-buyamsellam/setup/index.php/install/start","invalidateInfo":{"tags":["LAYOUT_GENERAL_CACHE_TAG"],"mode":"matchingTag"},"is_exception":false} []
[2015-12-26 15:35:31] main.DEBUG: cache_invalidate:  {"method":"POST","url":"http://localhost:81/enspy-buyamsellam/setup/index.php/install/start","invalidateInfo":{"tags":["BLOCK_HTML"],"mode":"matchingTag"},"is_exception":false} []
[2015-12-26 15:35:32] main.DEBUG: cache_invalidate:  {"method":"POST","url":"http://localhost:81/enspy-buyamsellam/setup/index.php/install/start","invalidateInfo":{"tags":["COLLECTION_DATA"],"mode":"matchingTag"},"is_exception":false} []
[2015-12-26 15:35:32] main.DEBUG: cache_invalidate:  {"method":"POST","url":"http://localhost:81/enspy-buyamsellam/setup/index.php/install/start","invalidateInfo":{"tags":["REFLECTION"],"mode":"matchingTag"},"is_exception":false} []
[2015-12-26 15:35:32] main.DEBUG: cache_invalidate:  {"method":"POST","url":"http://localhost:81/enspy-buyamsellam/setup/index.php/install/start","invalidateInfo":{"tags":["DB_DDL"],"mode":"matchingTag"},"is_exception":false} []
[2015-12-26 15:35:32] main.DEBUG: cache_invalidate:  {"method":"POST","url":"http://localhost:81/enspy-buyamsellam/setup/index.php/install/start","invalidateInfo":{"tags":["EAV"],"mode":"matchingTag"},"is_exception":false} []
[2015-12-26 15:35:33] main.DEBUG: cache_invalidate:  {"method":"POST","url":"http://localhost:81/enspy-buyamsellam/setup/index.php/install/start","invalidateInfo":{"tags":["INTEGRATION"],"mode":"matchingTag"},"is_exception":false} []
[2015-12-26 15:35:33] main.DEBUG: cache_invalidate:  {"method":"POST","url":"http://localhost:81/enspy-buyamsellam/setup/index.php/install/start","invalidateInfo":{"tags":["INTEGRATION_API_CONFIG"],"mode":"matchingTag"},"is_exception":false} []
[2015-12-26 15:35:33] main.DEBUG: cache_invalidate:  {"method":"POST","url":"http://localhost:81/enspy-buyamsellam/setup/index.php/install/start","invalidateInfo":{"tags":["FPC"],"mode":"matchingTag"},"is_exception":false} []
[2015-12-26 15:35:33] main.DEBUG: cache_invalidate:  {"method":"POST","url":"http://localhost:81/enspy-buyamsellam/setup/index.php/install/start","invalidateInfo":{"tags":["TRANSLATE"],"mode":"matchingTag"},"is_exception":false} []
[2015-12-26 15:35:34] main.DEBUG: cache_invalidate:  {"method":"POST","url":"http://localhost:81/enspy-buyamsellam/setup/index.php/install/start","invalidateInfo":{"tags":["WEBSERVICE"],"mode":"matchingTag"},"is_exception":false} []
[2015-12-26 15:36:46] main.DEBUG: cache_invalidate:  {"method":"POST","url":"http://localhost:81/enspy-buyamsellam/setup/index.php/session/prolong","invalidateInfo":{"tags":["interception","CONFIG"],"mode":"matchingTag"},"is_exception":false} []
[2015-12-28 14:53:53] main.DEBUG: cache_invalidate:  {"method":"POST","url":"http://localhost:81/enspy-buyamsellam/admin/admin/index/index/key/a34ce53619a724636b96dca4bb606cbdcfe1e859df80861039c1e112e54b0b03/","invalidateInfo":{"tags":["BACKEND_MAINMENU"],"mode":"matchingAnyTag"},"is_exception":false} []
